<?xml version="1.0" encoding="UTF-8" ?>
<testsuite tests="24" failures="1" name="org.test.AcceptanceTest" time="0.918" errors="0" skipped="0">
  <properties>
[...]
</properties>
  <testcase classname="Vendor Management" name="Creating a New Vendor" time="0.296"/>
  <testcase classname="Vendor Management" name="Editing an Existing Vendor" time="0.016"/>
  <testcase classname="Vendor Management" name="Deleting an Existing Vendor" time="0.018"/>
  <testcase classname="add event by user" name="add succeed" time="0.137"/>
  <testcase classname="add event by user" name="add failed #1" time="0.028"/>
  <testcase classname="add event by user" name="add failed #2" time="0.012"/>
  <testcase classname="add event by user" name="add failed #3" time="0.013"/>
  <testcase classname="Budget Planning" name="display budget planner" time="0.026"/>
  <testcase classname="Show Calender" name="display calender" time="0.053"/>
  <testcase classname="eventmanegment" name="Service Provider creates a new event." time="0.011"/>
  <testcase classname="eventmanegment" name="Managing Events as a Service Provider" time="0.013"/>
  <testcase classname="eventmanegment" name="Service Provider edits an existing event." time="0.014"/>
  <testcase classname="eventmanegment" name="Service Provider deletes an existing event." time="0.011"/>
  <testcase classname="Select Vendors" name="successfully add vendors #1" time="0.022"/>
  <testcase classname="Select Vendors" name="successfully add vendors #2" time="0.012"/>
  <testcase classname="Select Vendors" name="successfully add vendors #3" time="0.062"/>
  <testcase classname="login and sign up" name="vaild login #1" time="0.019"/>
  <testcase classname="login and sign up" name="vaild login #2" time="0.022"/>
  <testcase classname="login and sign up" name="vaild login #3" time="0.045"/>
  <testcase classname="login and sign up" name="invalid login #1" time="0.021"/>
  <testcase classname="login and sign up" name="invalid login #2" time="0.025"/>
  <testcase classname="login and sign up" name="valid sign up" time="0.022">
    <failure type="java.lang.AssertionError">java.lang.AssertionError
	at org.junit.Assert.fail(Assert.java:87)
	at org.junit.Assert.assertTrue(Assert.java:42)
	at org.junit.Assert.assertTrue(Assert.java:53)
	at org.test.signup.user_succesfully_signs_up(signup.java:22)
	at ✽.user succesfully signs up(file:///C:/soft/soft/features/user_login.feature:29)
</failure>
  </testcase>
  <testcase classname="login and sign up" name="invalid sign up #1" time="0.018"/>
  <testcase classname="login and sign up" name="invalid sign up #2" time="0.002"/>
</testsuite>